<?xml version="1.0" encoding="UTF-8"?>
<robot generator="Robot 5.0.1 (Python 3.9.7 on win32)" generated="20220714 12:45:31.916" rpa="false" schemaversion="3">
<suite id="s1" name="PythonFramework" source="C:\Users\belen.santacruz\OneDrive - intive\Desktop\PythonFramework">
<suite id="s1-s1" name="TestScenarios" source="C:\Users\belen.santacruz\OneDrive - intive\Desktop\PythonFramework\TestScenarios">
<suite id="s1-s1-s1" name="Login" source="C:\Users\belen.santacruz\OneDrive - intive\Desktop\PythonFramework\TestScenarios\Login.robot">
<test id="s1-s1-s1-t1" name="Check successfull login by clicking button" line="5">
<kw name="Open Browser" library="SeleniumLibrary">
<arg>http://www.saucedemo.com</arg>
<arg>Chrome</arg>
<doc>Opens a new browser instance to the optional ``url``.</doc>
<msg timestamp="20220714 12:45:32.117" level="INFO">Opening browser 'Chrome' to base url 'http://www.saucedemo.com'.</msg>
<status status="PASS" starttime="20220714 12:45:32.117" endtime="20220714 12:45:34.866"/>
</kw>
<kw name="Sleep" library="BuiltIn">
<arg>2s</arg>
<doc>Pauses the test executed for the given time.</doc>
<msg timestamp="20220714 12:45:36.883" level="INFO">Slept 2 seconds</msg>
<status status="PASS" starttime="20220714 12:45:34.867" endtime="20220714 12:45:36.884"/>
</kw>
<kw name="Input Text" library="SeleniumLibrary">
<arg>id:user-name</arg>
<arg>standard_user</arg>
<doc>Types the given ``text`` into the text field identified by ``locator``.</doc>
<msg timestamp="20220714 12:45:36.886" level="INFO">Typing text 'standard_user' into text field 'id:user-name'.</msg>
<status status="PASS" starttime="20220714 12:45:36.885" endtime="20220714 12:45:36.977"/>
</kw>
<kw name="Sleep" library="BuiltIn">
<arg>2s</arg>
<doc>Pauses the test executed for the given time.</doc>
<msg timestamp="20220714 12:45:38.980" level="INFO">Slept 2 seconds</msg>
<status status="PASS" starttime="20220714 12:45:36.978" endtime="20220714 12:45:38.984"/>
</kw>
<kw name="Input Password" library="SeleniumLibrary">
<arg>id:password</arg>
<arg>secret_sauce</arg>
<doc>Types the given password into the text field identified by ``locator``.</doc>
<msg timestamp="20220714 12:45:38.985" level="INFO">Typing password into text field 'id:password'.</msg>
<msg timestamp="20220714 12:45:39.025" level="INFO">Temporally setting log level to: NONE</msg>
<msg timestamp="20220714 12:45:39.079" level="INFO">Log level changed from NONE to INFO.</msg>
<status status="PASS" starttime="20220714 12:45:38.985" endtime="20220714 12:45:39.080"/>
</kw>
<kw name="Sleep" library="BuiltIn">
<arg>2s</arg>
<doc>Pauses the test executed for the given time.</doc>
<msg timestamp="20220714 12:45:41.097" level="INFO">Slept 2 seconds</msg>
<status status="PASS" starttime="20220714 12:45:39.081" endtime="20220714 12:45:41.098"/>
</kw>
<kw name="Click Button" library="SeleniumLibrary">
<arg>id:login-button</arg>
<doc>Clicks the button identified by ``locator``.</doc>
<msg timestamp="20220714 12:45:41.099" level="INFO">Clicking button 'id:login-button'.</msg>
<status status="PASS" starttime="20220714 12:45:41.099" endtime="20220714 12:45:41.193"/>
</kw>
<kw name="Sleep" library="BuiltIn">
<arg>2s</arg>
<doc>Pauses the test executed for the given time.</doc>
<msg timestamp="20220714 12:45:43.203" level="INFO">Slept 2 seconds</msg>
<status status="PASS" starttime="20220714 12:45:41.193" endtime="20220714 12:45:43.205"/>
</kw>
<kw name="Close Browser" library="SeleniumLibrary">
<doc>Closes the current browser.</doc>
<status status="PASS" starttime="20220714 12:45:43.205" endtime="20220714 12:45:45.352"/>
</kw>
<status status="PASS" starttime="20220714 12:45:32.114" endtime="20220714 12:45:45.353"/>
</test>
<test id="s1-s1-s1-t2" name="Check successfull login by pressing enter" line="16">
<kw name="Open Browser" library="SeleniumLibrary">
<arg>http://www.saucedemo.com</arg>
<arg>Chrome</arg>
<doc>Opens a new browser instance to the optional ``url``.</doc>
<msg timestamp="20220714 12:45:45.375" level="INFO">Opening browser 'Chrome' to base url 'http://www.saucedemo.com'.</msg>
<status status="PASS" starttime="20220714 12:45:45.375" endtime="20220714 12:45:47.565"/>
</kw>
<kw name="Sleep" library="BuiltIn">
<arg>2s</arg>
<doc>Pauses the test executed for the given time.</doc>
<msg timestamp="20220714 12:45:49.570" level="INFO">Slept 2 seconds</msg>
<status status="PASS" starttime="20220714 12:45:47.566" endtime="20220714 12:45:49.572"/>
</kw>
<kw name="Input Text" library="SeleniumLibrary">
<arg>id:user-name</arg>
<arg>standard_user</arg>
<doc>Types the given ``text`` into the text field identified by ``locator``.</doc>
<msg timestamp="20220714 12:45:49.573" level="INFO">Typing text 'standard_user' into text field 'id:user-name'.</msg>
<status status="PASS" starttime="20220714 12:45:49.573" endtime="20220714 12:45:49.670"/>
</kw>
<kw name="Sleep" library="BuiltIn">
<arg>2s</arg>
<doc>Pauses the test executed for the given time.</doc>
<msg timestamp="20220714 12:45:51.680" level="INFO">Slept 2 seconds</msg>
<status status="PASS" starttime="20220714 12:45:49.671" endtime="20220714 12:45:51.682"/>
</kw>
<kw name="Input Password" library="SeleniumLibrary">
<arg>id:password</arg>
<arg>secret_sauce</arg>
<doc>Types the given password into the text field identified by ``locator``.</doc>
<msg timestamp="20220714 12:45:51.684" level="INFO">Typing password into text field 'id:password'.</msg>
<msg timestamp="20220714 12:45:51.722" level="INFO">Temporally setting log level to: NONE</msg>
<msg timestamp="20220714 12:45:51.772" level="INFO">Log level changed from NONE to INFO.</msg>
<status status="PASS" starttime="20220714 12:45:51.683" endtime="20220714 12:45:51.773"/>
</kw>
<kw name="Sleep" library="BuiltIn">
<arg>2s</arg>
<doc>Pauses the test executed for the given time.</doc>
<msg timestamp="20220714 12:45:53.778" level="INFO">Slept 2 seconds</msg>
<status status="PASS" starttime="20220714 12:45:51.773" endtime="20220714 12:45:53.780"/>
</kw>
<kw name="Press Keys" library="SeleniumLibrary">
<arg>id:password</arg>
<arg>RETURN</arg>
<doc>Simulates the user pressing key(s) to an element or on the active browser.</doc>
<msg timestamp="20220714 12:45:53.781" level="INFO">Sending key(s) ('RETURN',) to id:password element.</msg>
<msg timestamp="20220714 12:45:54.061" level="INFO">Pressing special key RETURN to element.</msg>
<msg timestamp="20220714 12:45:54.063" level="INFO">Releasing special key RETURN.</msg>
<status status="PASS" starttime="20220714 12:45:53.781" endtime="20220714 12:45:54.116"/>
</kw>
<kw name="Sleep" library="BuiltIn">
<arg>2s</arg>
<doc>Pauses the test executed for the given time.</doc>
<msg timestamp="20220714 12:45:56.125" level="INFO">Slept 2 seconds</msg>
<status status="PASS" starttime="20220714 12:45:54.117" endtime="20220714 12:45:56.126"/>
</kw>
<kw name="Close Browser" library="SeleniumLibrary">
<doc>Closes the current browser.</doc>
<status status="PASS" starttime="20220714 12:45:56.127" endtime="20220714 12:45:58.266"/>
</kw>
<status status="PASS" starttime="20220714 12:45:45.373" endtime="20220714 12:45:58.267"/>
</test>
<status status="PASS" starttime="20220714 12:45:31.949" endtime="20220714 12:45:58.270"/>
</suite>
<status status="PASS" starttime="20220714 12:45:31.943" endtime="20220714 12:45:58.273"/>
</suite>
<status status="PASS" starttime="20220714 12:45:31.921" endtime="20220714 12:45:58.278"/>
</suite>
<statistics>
<total>
<stat pass="2" fail="0" skip="0">All Tests</stat>
</total>
<tag>
</tag>
<suite>
<stat pass="2" fail="0" skip="0" id="s1" name="PythonFramework">PythonFramework</stat>
<stat pass="2" fail="0" skip="0" id="s1-s1" name="TestScenarios">PythonFramework.TestScenarios</stat>
<stat pass="2" fail="0" skip="0" id="s1-s1-s1" name="Login">PythonFramework.TestScenarios.Login</stat>
</suite>
</statistics>
<errors>
</errors>
</robot>
